[debug] [2023-12-29T07:17:10.954Z] ----------------------------------------------------------------------
[debug] [2023-12-29T07:17:10.957Z] Command:       /Users/t-okada/.nodebrew/node/v21.2.0/bin/node /Users/t-okada/.nodebrew/current/bin/firebase deploy
[debug] [2023-12-29T07:17:10.958Z] CLI Version:   13.0.2
[debug] [2023-12-29T07:17:10.958Z] Platform:      darwin
[debug] [2023-12-29T07:17:10.958Z] Node Version:  v21.2.0
[debug] [2023-12-29T07:17:10.958Z] Time:          Fri Dec 29 2023 16:17:10 GMT+0900 (日本標準時)
[debug] [2023-12-29T07:17:10.959Z] ----------------------------------------------------------------------
[debug] 
[debug] [2023-12-29T07:17:11.010Z] > command requires scopes: ["email","openid","https://www.googleapis.com/auth/cloudplatformprojects.readonly","https://www.googleapis.com/auth/firebase","https://www.googleapis.com/auth/cloud-platform"]
[debug] [2023-12-29T07:17:11.010Z] > authorizing via signed-in user (takeshiokada@okatakese.com)
[debug] [2023-12-29T07:17:11.011Z] [iam] checking project portfolio-d54a9 for permissions ["firebase.projects.get","firebasehosting.sites.update"]
[debug] [2023-12-29T07:17:11.011Z] > refreshing access token with scopes: []
[debug] [2023-12-29T07:17:11.013Z] >>> [apiv2][query] POST https://www.googleapis.com/oauth2/v3/token [none]
[debug] [2023-12-29T07:17:11.013Z] >>> [apiv2][body] POST https://www.googleapis.com/oauth2/v3/token [omitted]
[debug] [2023-12-29T07:17:13.249Z] <<< [apiv2][status] POST https://www.googleapis.com/oauth2/v3/token 400
[debug] [2023-12-29T07:17:13.250Z] <<< [apiv2][body] POST https://www.googleapis.com/oauth2/v3/token [omitted]
[debug] [2023-12-29T07:17:13.250Z] >>> [apiv2][query] POST https://cloudresourcemanager.googleapis.com/v1/projects/portfolio-d54a9:testIamPermissions [none]
[debug] [2023-12-29T07:17:13.250Z] >>> [apiv2][(partial)header] POST https://cloudresourcemanager.googleapis.com/v1/projects/portfolio-d54a9:testIamPermissions x-goog-quota-user=projects/portfolio-d54a9
[debug] [2023-12-29T07:17:13.250Z] >>> [apiv2][body] POST https://cloudresourcemanager.googleapis.com/v1/projects/portfolio-d54a9:testIamPermissions {"permissions":["firebase.projects.get","firebasehosting.sites.update"]}
[debug] [2023-12-29T07:17:14.300Z] <<< [apiv2][status] POST https://cloudresourcemanager.googleapis.com/v1/projects/portfolio-d54a9:testIamPermissions 401
[debug] [2023-12-29T07:17:14.301Z] <<< [apiv2][body] POST https://cloudresourcemanager.googleapis.com/v1/projects/portfolio-d54a9:testIamPermissions {"error":{"code":401,"message":"Request had invalid authentication credentials. Expected OAuth 2 access token, login cookie or other valid authentication credential. See https://developers.google.com/identity/sign-in/web/devconsole-project.","status":"UNAUTHENTICATED","details":[{"@type":"type.googleapis.com/google.rpc.ErrorInfo","reason":"ACCESS_TOKEN_TYPE_UNSUPPORTED","metadata":{"method":"google.cloudresourcemanager.v1.Projects.TestIamPermissions","service":"cloudresourcemanager.googleapis.com"}}]}}
[debug] [2023-12-29T07:17:14.302Z] [iam] error while checking permissions, command may fail: FirebaseError: HTTP Error: 401, Request had invalid authentication credentials. Expected OAuth 2 access token, login cookie or other valid authentication credential. See https://developers.google.com/identity/sign-in/web/devconsole-project.
[debug] [2023-12-29T07:17:14.303Z] > refreshing access token with scopes: []
[debug] [2023-12-29T07:17:14.304Z] >>> [apiv2][query] POST https://www.googleapis.com/oauth2/v3/token [none]
[debug] [2023-12-29T07:17:14.304Z] >>> [apiv2][body] POST https://www.googleapis.com/oauth2/v3/token [omitted]
[debug] [2023-12-29T07:17:14.448Z] <<< [apiv2][status] POST https://www.googleapis.com/oauth2/v3/token 400
[debug] [2023-12-29T07:17:14.448Z] <<< [apiv2][body] POST https://www.googleapis.com/oauth2/v3/token [omitted]
[debug] [2023-12-29T07:17:14.449Z] >>> [apiv2][query] GET https://firebase.googleapis.com/v1beta1/projects/portfolio-d54a9 [none]
[debug] [2023-12-29T07:17:14.789Z] <<< [apiv2][status] GET https://firebase.googleapis.com/v1beta1/projects/portfolio-d54a9 401
[debug] [2023-12-29T07:17:14.789Z] <<< [apiv2][body] GET https://firebase.googleapis.com/v1beta1/projects/portfolio-d54a9 {"error":{"code":401,"message":"Request had invalid authentication credentials. Expected OAuth 2 access token, login cookie or other valid authentication credential. See https://developers.google.com/identity/sign-in/web/devconsole-project.","status":"UNAUTHENTICATED"}}
[debug] [2023-12-29T07:17:14.790Z] HTTP Error: 401, Request had invalid authentication credentials. Expected OAuth 2 access token, login cookie or other valid authentication credential. See https://developers.google.com/identity/sign-in/web/devconsole-project.
[error] 
[error] Error: Assertion failed: resolving hosting target of a site with no site name or target name. This should have caused an error earlier
[debug] [2023-12-29T07:18:24.081Z] ----------------------------------------------------------------------
[debug] [2023-12-29T07:18:24.083Z] Command:       /Users/t-okada/.nodebrew/node/v21.2.0/bin/node /Users/t-okada/.nodebrew/current/bin/firebase deploy
[debug] [2023-12-29T07:18:24.084Z] CLI Version:   13.0.2
[debug] [2023-12-29T07:18:24.084Z] Platform:      darwin
[debug] [2023-12-29T07:18:24.084Z] Node Version:  v21.2.0
[debug] [2023-12-29T07:18:24.084Z] Time:          Fri Dec 29 2023 16:18:24 GMT+0900 (日本標準時)
[debug] [2023-12-29T07:18:24.085Z] ----------------------------------------------------------------------
[debug] 
[debug] [2023-12-29T07:18:24.133Z] > command requires scopes: ["email","openid","https://www.googleapis.com/auth/cloudplatformprojects.readonly","https://www.googleapis.com/auth/firebase","https://www.googleapis.com/auth/cloud-platform"]
[debug] [2023-12-29T07:18:24.133Z] > authorizing via signed-in user (takeshiokada@okatakese.com)
[debug] [2023-12-29T07:18:24.133Z] [iam] checking project portfolio-d54a9 for permissions ["firebase.projects.get","firebasehosting.sites.update"]
[debug] [2023-12-29T07:18:24.134Z] > refreshing access token with scopes: []
[debug] [2023-12-29T07:18:24.135Z] >>> [apiv2][query] POST https://www.googleapis.com/oauth2/v3/token [none]
[debug] [2023-12-29T07:18:24.135Z] >>> [apiv2][body] POST https://www.googleapis.com/oauth2/v3/token [omitted]
[debug] [2023-12-29T07:18:24.532Z] <<< [apiv2][status] POST https://www.googleapis.com/oauth2/v3/token 400
[debug] [2023-12-29T07:18:24.532Z] <<< [apiv2][body] POST https://www.googleapis.com/oauth2/v3/token [omitted]
[debug] [2023-12-29T07:18:24.532Z] >>> [apiv2][query] POST https://cloudresourcemanager.googleapis.com/v1/projects/portfolio-d54a9:testIamPermissions [none]
[debug] [2023-12-29T07:18:24.532Z] >>> [apiv2][(partial)header] POST https://cloudresourcemanager.googleapis.com/v1/projects/portfolio-d54a9:testIamPermissions x-goog-quota-user=projects/portfolio-d54a9
[debug] [2023-12-29T07:18:24.532Z] >>> [apiv2][body] POST https://cloudresourcemanager.googleapis.com/v1/projects/portfolio-d54a9:testIamPermissions {"permissions":["firebase.projects.get","firebasehosting.sites.update"]}
[debug] [2023-12-29T07:18:25.561Z] <<< [apiv2][status] POST https://cloudresourcemanager.googleapis.com/v1/projects/portfolio-d54a9:testIamPermissions 401
[debug] [2023-12-29T07:18:25.561Z] <<< [apiv2][body] POST https://cloudresourcemanager.googleapis.com/v1/projects/portfolio-d54a9:testIamPermissions {"error":{"code":401,"message":"Request had invalid authentication credentials. Expected OAuth 2 access token, login cookie or other valid authentication credential. See https://developers.google.com/identity/sign-in/web/devconsole-project.","status":"UNAUTHENTICATED","details":[{"@type":"type.googleapis.com/google.rpc.ErrorInfo","reason":"ACCESS_TOKEN_TYPE_UNSUPPORTED","metadata":{"method":"google.cloudresourcemanager.v1.Projects.TestIamPermissions","service":"cloudresourcemanager.googleapis.com"}}]}}
[debug] [2023-12-29T07:18:25.562Z] [iam] error while checking permissions, command may fail: FirebaseError: HTTP Error: 401, Request had invalid authentication credentials. Expected OAuth 2 access token, login cookie or other valid authentication credential. See https://developers.google.com/identity/sign-in/web/devconsole-project.
[debug] [2023-12-29T07:18:25.563Z] > refreshing access token with scopes: []
[debug] [2023-12-29T07:18:25.564Z] >>> [apiv2][query] POST https://www.googleapis.com/oauth2/v3/token [none]
[debug] [2023-12-29T07:18:25.564Z] >>> [apiv2][body] POST https://www.googleapis.com/oauth2/v3/token [omitted]
[debug] [2023-12-29T07:18:25.719Z] <<< [apiv2][status] POST https://www.googleapis.com/oauth2/v3/token 400
[debug] [2023-12-29T07:18:25.719Z] <<< [apiv2][body] POST https://www.googleapis.com/oauth2/v3/token [omitted]
[debug] [2023-12-29T07:18:25.720Z] >>> [apiv2][query] GET https://firebase.googleapis.com/v1beta1/projects/portfolio-d54a9 [none]
[debug] [2023-12-29T07:18:26.006Z] <<< [apiv2][status] GET https://firebase.googleapis.com/v1beta1/projects/portfolio-d54a9 401
[debug] [2023-12-29T07:18:26.006Z] <<< [apiv2][body] GET https://firebase.googleapis.com/v1beta1/projects/portfolio-d54a9 {"error":{"code":401,"message":"Request had invalid authentication credentials. Expected OAuth 2 access token, login cookie or other valid authentication credential. See https://developers.google.com/identity/sign-in/web/devconsole-project.","status":"UNAUTHENTICATED"}}
[debug] [2023-12-29T07:18:26.006Z] HTTP Error: 401, Request had invalid authentication credentials. Expected OAuth 2 access token, login cookie or other valid authentication credential. See https://developers.google.com/identity/sign-in/web/devconsole-project.
[error] 
[error] Error: Assertion failed: resolving hosting target of a site with no site name or target name. This should have caused an error earlier
[debug] [2023-12-29T07:19:13.881Z] ----------------------------------------------------------------------
[debug] [2023-12-29T07:19:13.885Z] Command:       /Users/t-okada/.nodebrew/node/v21.2.0/bin/node /Users/t-okada/.nodebrew/current/bin/firebase deploy
[debug] [2023-12-29T07:19:13.885Z] CLI Version:   13.0.2
[debug] [2023-12-29T07:19:13.885Z] Platform:      darwin
[debug] [2023-12-29T07:19:13.886Z] Node Version:  v21.2.0
[debug] [2023-12-29T07:19:13.886Z] Time:          Fri Dec 29 2023 16:19:13 GMT+0900 (日本標準時)
[debug] [2023-12-29T07:19:13.886Z] ----------------------------------------------------------------------
[debug] 
[debug] [2023-12-29T07:19:13.935Z] > command requires scopes: ["email","openid","https://www.googleapis.com/auth/cloudplatformprojects.readonly","https://www.googleapis.com/auth/firebase","https://www.googleapis.com/auth/cloud-platform"]
[debug] [2023-12-29T07:19:13.936Z] > authorizing via signed-in user (takeshiokada@okatakese.com)
[debug] [2023-12-29T07:19:13.936Z] [iam] checking project portfolio-d54a9 for permissions ["firebase.projects.get","firebasehosting.sites.update"]
[debug] [2023-12-29T07:19:13.937Z] > refreshing access token with scopes: []
[debug] [2023-12-29T07:19:13.938Z] >>> [apiv2][query] POST https://www.googleapis.com/oauth2/v3/token [none]
[debug] [2023-12-29T07:19:13.938Z] >>> [apiv2][body] POST https://www.googleapis.com/oauth2/v3/token [omitted]
[debug] [2023-12-29T07:19:15.371Z] <<< [apiv2][status] POST https://www.googleapis.com/oauth2/v3/token 400
[debug] [2023-12-29T07:19:15.371Z] <<< [apiv2][body] POST https://www.googleapis.com/oauth2/v3/token [omitted]
[debug] [2023-12-29T07:19:15.371Z] >>> [apiv2][query] POST https://cloudresourcemanager.googleapis.com/v1/projects/portfolio-d54a9:testIamPermissions [none]
[debug] [2023-12-29T07:19:15.371Z] >>> [apiv2][(partial)header] POST https://cloudresourcemanager.googleapis.com/v1/projects/portfolio-d54a9:testIamPermissions x-goog-quota-user=projects/portfolio-d54a9
[debug] [2023-12-29T07:19:15.371Z] >>> [apiv2][body] POST https://cloudresourcemanager.googleapis.com/v1/projects/portfolio-d54a9:testIamPermissions {"permissions":["firebase.projects.get","firebasehosting.sites.update"]}
[debug] [2023-12-29T07:19:16.267Z] <<< [apiv2][status] POST https://cloudresourcemanager.googleapis.com/v1/projects/portfolio-d54a9:testIamPermissions 401
[debug] [2023-12-29T07:19:16.268Z] <<< [apiv2][body] POST https://cloudresourcemanager.googleapis.com/v1/projects/portfolio-d54a9:testIamPermissions {"error":{"code":401,"message":"Request had invalid authentication credentials. Expected OAuth 2 access token, login cookie or other valid authentication credential. See https://developers.google.com/identity/sign-in/web/devconsole-project.","status":"UNAUTHENTICATED","details":[{"@type":"type.googleapis.com/google.rpc.ErrorInfo","reason":"ACCESS_TOKEN_TYPE_UNSUPPORTED","metadata":{"service":"cloudresourcemanager.googleapis.com","method":"google.cloudresourcemanager.v1.Projects.TestIamPermissions"}}]}}
[debug] [2023-12-29T07:19:16.269Z] [iam] error while checking permissions, command may fail: FirebaseError: HTTP Error: 401, Request had invalid authentication credentials. Expected OAuth 2 access token, login cookie or other valid authentication credential. See https://developers.google.com/identity/sign-in/web/devconsole-project.
[debug] [2023-12-29T07:19:16.271Z] > refreshing access token with scopes: []
[debug] [2023-12-29T07:19:16.271Z] >>> [apiv2][query] POST https://www.googleapis.com/oauth2/v3/token [none]
[debug] [2023-12-29T07:19:16.272Z] >>> [apiv2][body] POST https://www.googleapis.com/oauth2/v3/token [omitted]
[debug] [2023-12-29T07:19:16.415Z] <<< [apiv2][status] POST https://www.googleapis.com/oauth2/v3/token 400
[debug] [2023-12-29T07:19:16.416Z] <<< [apiv2][body] POST https://www.googleapis.com/oauth2/v3/token [omitted]
[debug] [2023-12-29T07:19:16.416Z] >>> [apiv2][query] GET https://firebase.googleapis.com/v1beta1/projects/portfolio-d54a9 [none]
[debug] [2023-12-29T07:19:16.662Z] <<< [apiv2][status] GET https://firebase.googleapis.com/v1beta1/projects/portfolio-d54a9 401
[debug] [2023-12-29T07:19:16.662Z] <<< [apiv2][body] GET https://firebase.googleapis.com/v1beta1/projects/portfolio-d54a9 {"error":{"code":401,"message":"Request had invalid authentication credentials. Expected OAuth 2 access token, login cookie or other valid authentication credential. See https://developers.google.com/identity/sign-in/web/devconsole-project.","status":"UNAUTHENTICATED"}}
[debug] [2023-12-29T07:19:16.663Z] HTTP Error: 401, Request had invalid authentication credentials. Expected OAuth 2 access token, login cookie or other valid authentication credential. See https://developers.google.com/identity/sign-in/web/devconsole-project.
[error] 
[error] Error: Assertion failed: resolving hosting target of a site with no site name or target name. This should have caused an error earlier
